{"uuid":"92354be3-de10-4ee6-9b94-dfcae3ff0e4c","historyId":"c7d601b1ee1d9066f826c93dfd46f608","fullName":"OfficemartTests.AddBasketTest.CheckCode","labels":[{"name":"package","value":"OfficemartTests.AddBasketTest"},{"name":"testClass","value":"OfficemartTests.AddBasketTest"},{"name":"testMethod","value":"CheckCode"},{"name":"parentSuite","value":"Default Suite"},{"name":"suite","value":"Automation_Practice"},{"name":"subSuite","value":"OfficemartTests.AddBasketTest"},{"name":"host","value":"DESKTOP-59EU7SQ"},{"name":"thread","value":"18396@DESKTOP-59EU7SQ.main(1)"},{"name":"framework","value":"testng"},{"name":"language","value":"java"},{"name":"severity","value":"critical"}],"links":[],"name":"CheckCode","status":"failed","statusDetails":{"known":false,"muted":false,"flaky":false,"message":"Invalid element state [By.className: cart_info]: element click intercepted: Element <div class=\"cart_info\">...</div> is not clickable at point (1234, 93). Other element would receive the click: <div class=\"toast\" style=\"top: 0px; opacity: 1;\">...</div>\r\nScreenshot: file:/C:/Users/technomix/Desktop/Automation_Practice/build/reports/tests/1677786422340.0.png\r\nPage source: file:/C:/Users/technomix/Desktop/Automation_Practice/build/reports/tests/1677786422340.0.html\r\nTimeout: 4 s.\r\nCaused by: ElementClickInterceptedException: element click intercepted: Element <div class=\"cart_info\">...</div> is not clickable at point (1234, 93). Other element would receive the click: <div class=\"toast\" style=\"top: 0px; opacity: 1;\">...</div>","trace":"Invalid element state [By.className: cart_info]: element click intercepted: Element <div class=\"cart_info\">...</div> is not clickable at point (1234, 93). Other element would receive the click: <div class=\"toast\" style=\"top: 0px; opacity: 1;\">...</div>\r\nScreenshot: file:/C:/Users/technomix/Desktop/Automation_Practice/build/reports/tests/1677786422340.0.png\r\nPage source: file:/C:/Users/technomix/Desktop/Automation_Practice/build/reports/tests/1677786422340.0.html\r\nTimeout: 4 s.\r\nCaused by: ElementClickInterceptedException: element click intercepted: Element <div class=\"cart_info\">...</div> is not clickable at point (1234, 93). Other element would receive the click: <div class=\"toast\" style=\"top: 0px; opacity: 1;\">...</div>\r\n\tat com.codeborne.selenide.impl.ExceptionWrapper.wrap(ExceptionWrapper.java:26)\r\n\tat com.codeborne.selenide.impl.SelenideElementProxy.dispatchAndRetry(SelenideElementProxy.java:152)\r\n\tat com.codeborne.selenide.impl.SelenideElementProxy.invoke(SelenideElementProxy.java:82)\r\n\tat jdk.proxy2/jdk.proxy2.$Proxy18.click(Unknown Source)\r\n\tat StepObject.AddBasketPageSteps.GoToCart(AddBasketPageSteps.java:35)\r\n\tat OfficemartTests.AddBasketTest.CheckCode(AddBasketTest.java:63)\r\n\tat java.base/jdk.internal.reflect.DirectMethodHandleAccessor.invoke(DirectMethodHandleAccessor.java:104)\r\n\tat java.base/java.lang.reflect.Method.invoke(Method.java:578)\r\n\tat org.testng.internal.invokers.MethodInvocationHelper.invokeMethod(MethodInvocationHelper.java:139)\r\n\tat org.testng.internal.invokers.TestInvoker.invokeMethod(TestInvoker.java:677)\r\n\tat org.testng.internal.invokers.TestInvoker.invokeTestMethod(TestInvoker.java:221)\r\n\tat org.testng.internal.invokers.MethodRunner.runInSequence(MethodRunner.java:50)\r\n\tat org.testng.internal.invokers.TestInvoker$MethodInvocationAgent.invoke(TestInvoker.java:969)\r\n\tat org.testng.internal.invokers.TestInvoker.invokeTestMethods(TestInvoker.java:194)\r\n\tat org.testng.internal.invokers.TestMethodWorker.invokeTestMethods(TestMethodWorker.java:148)\r\n\tat org.testng.internal.invokers.TestMethodWorker.run(TestMethodWorker.java:128)\r\n\tat java.base/java.util.ArrayList.forEach(ArrayList.java:1511)\r\n\tat org.testng.TestRunner.privateRun(TestRunner.java:829)\r\n\tat org.testng.TestRunner.run(TestRunner.java:602)\r\n\tat org.testng.SuiteRunner.runTest(SuiteRunner.java:437)\r\n\tat org.testng.SuiteRunner.runSequentially(SuiteRunner.java:431)\r\n\tat org.testng.SuiteRunner.privateRun(SuiteRunner.java:391)\r\n\tat org.testng.SuiteRunner.run(SuiteRunner.java:330)\r\n\tat org.testng.SuiteRunnerWorker.runSuite(SuiteRunnerWorker.java:52)\r\n\tat org.testng.SuiteRunnerWorker.run(SuiteRunnerWorker.java:95)\r\n\tat org.testng.TestNG.runSuitesSequentially(TestNG.java:1256)\r\n\tat org.testng.TestNG.runSuitesLocally(TestNG.java:1176)\r\n\tat org.testng.TestNG.runSuites(TestNG.java:1099)\r\n\tat org.testng.TestNG.run(TestNG.java:1067)\r\n\tat com.intellij.rt.testng.IDEARemoteTestNG.run(IDEARemoteTestNG.java:66)\r\n\tat com.intellij.rt.testng.RemoteTestNGStarter.main(RemoteTestNGStarter.java:109)\r\nCaused by: org.openqa.selenium.ElementClickInterceptedException: element click intercepted: Element <div class=\"cart_info\">...</div> is not clickable at point (1234, 93). Other element would receive the click: <div class=\"toast\" style=\"top: 0px; opacity: 1;\">...</div>\n  (Session info: chrome=108.0.5359.124)\nBuild info: version: '4.7.2', revision: '4d4020c3b7'\nSystem info: os.name: 'Windows 10', os.arch: 'amd64', os.version: '10.0', java.version: '19.0.1'\nDriver info: org.openqa.selenium.chrome.ChromeDriver\nCommand: [219908c06e1669984028ba4a14b49a45, clickElement {id=865594e8-56f0-4252-9517-245b650809a8}]\nCapabilities {acceptInsecureCerts: true, browserName: chrome, browserVersion: 108.0.5359.124, chrome: {chromedriverVersion: 108.0.5359.71 (1e0e3868ee06..., userDataDir: C:\\Users\\TECHNO~1\\AppData\\L...}, goog:chromeOptions: {debuggerAddress: localhost:58506}, networkConnectionEnabled: false, pageLoadStrategy: normal, platformName: WINDOWS, proxy: Proxy(), se:cdp: ws://localhost:58506/devtoo..., se:cdpVersion: 108.0.5359.124, setWindowRect: true, strictFileInteractability: false, timeouts: {implicit: 0, pageLoad: 300000, script: 30000}, unhandledPromptBehavior: accept, webauthn:extension:credBlob: true, webauthn:extension:largeBlob: true, webauthn:virtualAuthenticators: true}\nElement: [[ChromeDriver: chrome on WINDOWS (219908c06e1669984028ba4a14b49a45)] -> class name: cart_info]\nSession ID: 219908c06e1669984028ba4a14b49a45\r\n\tat java.base/jdk.internal.reflect.DirectConstructorHandleAccessor.newInstance(DirectConstructorHandleAccessor.java:67)\r\n\tat java.base/java.lang.reflect.Constructor.newInstanceWithCaller(Constructor.java:500)\r\n\tat java.base/java.lang.reflect.Constructor.newInstance(Constructor.java:484)\r\n\tat org.openqa.selenium.remote.codec.w3c.W3CHttpResponseCodec.createException(W3CHttpResponseCodec.java:200)\r\n\tat org.openqa.selenium.remote.codec.w3c.W3CHttpResponseCodec.decode(W3CHttpResponseCodec.java:133)\r\n\tat org.openqa.selenium.remote.codec.w3c.W3CHttpResponseCodec.decode(W3CHttpResponseCodec.java:53)\r\n\tat org.openqa.selenium.remote.HttpCommandExecutor.execute(HttpCommandExecutor.java:184)\r\n\tat org.openqa.selenium.remote.service.DriverCommandExecutor.invokeExecute(DriverCommandExecutor.java:167)\r\n\tat org.openqa.selenium.remote.service.DriverCommandExecutor.execute(DriverCommandExecutor.java:142)\r\n\tat org.openqa.selenium.remote.RemoteWebDriver.execute(RemoteWebDriver.java:535)\r\n\tat org.openqa.selenium.remote.RemoteWebElement.execute(RemoteWebElement.java:257)\r\n\tat org.openqa.selenium.remote.RemoteWebElement.click(RemoteWebElement.java:78)\r\n\tat com.codeborne.selenide.commands.Click.defaultClick(Click.java:97)\r\n\tat com.codeborne.selenide.commands.Click.click(Click.java:54)\r\n\tat com.codeborne.selenide.commands.Click.execute(Click.java:31)\r\n\tat com.codeborne.selenide.commands.Click.execute(Click.java:21)\r\n\tat com.codeborne.selenide.commands.Commands.execute(Commands.java:158)\r\n\tat com.codeborne.selenide.impl.SelenideElementProxy.dispatchAndRetry(SelenideElementProxy.java:130)\r\n\t... 29 more\r\n"},"stage":"finished","description":"Test Case 7 Check Product Code","steps":[{"name":"Search Button","status":"passed","stage":"finished","steps":[],"attachments":[],"parameters":[],"start":1677786416925,"stop":1677786417029},{"name":"Click On The Search Field ","status":"passed","stage":"finished","steps":[],"attachments":[],"parameters":[],"start":1677786417029,"stop":1677786417118},{"name":"Search With Valid Text","status":"passed","stage":"finished","steps":[],"attachments":[],"parameters":[{"name":"text","value":"კალამი ბურთულიანი"}],"start":1677786417118,"stop":1677786417264},{"name":"Click Search Button","status":"passed","stage":"finished","steps":[],"attachments":[],"parameters":[],"start":1677786417264,"stop":1677786418169},{"name":"Add Cart Button","status":"passed","stage":"finished","steps":[],"attachments":[],"parameters":[],"start":1677786418169,"stop":1677786418315},{"name":"Go To Cart","status":"failed","statusDetails":{"known":false,"muted":false,"flaky":false,"message":"Invalid element state [By.className: cart_info]: element click intercepted: Element <div class=\"cart_info\">...</div> is not clickable at point (1234, 93). Other element would receive the click: <div class=\"toast\" style=\"top: 0px; opacity: 1;\">...</div>\r\nScreenshot: file:/C:/Users/technomix/Desktop/Automation_Practice/build/reports/tests/1677786422340.0.png\r\nPage source: file:/C:/Users/technomix/Desktop/Automation_Practice/build/reports/tests/1677786422340.0.html\r\nTimeout: 4 s.\r\nCaused by: ElementClickInterceptedException: element click intercepted: Element <div class=\"cart_info\">...</div> is not clickable at point (1234, 93). Other element would receive the click: <div class=\"toast\" style=\"top: 0px; opacity: 1;\">...</div>","trace":"Invalid element state [By.className: cart_info]: element click intercepted: Element <div class=\"cart_info\">...</div> is not clickable at point (1234, 93). Other element would receive the click: <div class=\"toast\" style=\"top: 0px; opacity: 1;\">...</div>\r\nScreenshot: file:/C:/Users/technomix/Desktop/Automation_Practice/build/reports/tests/1677786422340.0.png\r\nPage source: file:/C:/Users/technomix/Desktop/Automation_Practice/build/reports/tests/1677786422340.0.html\r\nTimeout: 4 s.\r\nCaused by: ElementClickInterceptedException: element click intercepted: Element <div class=\"cart_info\">...</div> is not clickable at point (1234, 93). Other element would receive the click: <div class=\"toast\" style=\"top: 0px; opacity: 1;\">...</div>\r\n\tat com.codeborne.selenide.impl.ExceptionWrapper.wrap(ExceptionWrapper.java:26)\r\n\tat com.codeborne.selenide.impl.SelenideElementProxy.dispatchAndRetry(SelenideElementProxy.java:152)\r\n\tat com.codeborne.selenide.impl.SelenideElementProxy.invoke(SelenideElementProxy.java:82)\r\n\tat jdk.proxy2/jdk.proxy2.$Proxy18.click(Unknown Source)\r\n\tat StepObject.AddBasketPageSteps.GoToCart(AddBasketPageSteps.java:35)\r\n\tat OfficemartTests.AddBasketTest.CheckCode(AddBasketTest.java:63)\r\n\tat java.base/jdk.internal.reflect.DirectMethodHandleAccessor.invoke(DirectMethodHandleAccessor.java:104)\r\n\tat java.base/java.lang.reflect.Method.invoke(Method.java:578)\r\n\tat org.testng.internal.invokers.MethodInvocationHelper.invokeMethod(MethodInvocationHelper.java:139)\r\n\tat org.testng.internal.invokers.TestInvoker.invokeMethod(TestInvoker.java:677)\r\n\tat org.testng.internal.invokers.TestInvoker.invokeTestMethod(TestInvoker.java:221)\r\n\tat org.testng.internal.invokers.MethodRunner.runInSequence(MethodRunner.java:50)\r\n\tat org.testng.internal.invokers.TestInvoker$MethodInvocationAgent.invoke(TestInvoker.java:969)\r\n\tat org.testng.internal.invokers.TestInvoker.invokeTestMethods(TestInvoker.java:194)\r\n\tat org.testng.internal.invokers.TestMethodWorker.invokeTestMethods(TestMethodWorker.java:148)\r\n\tat org.testng.internal.invokers.TestMethodWorker.run(TestMethodWorker.java:128)\r\n\tat java.base/java.util.ArrayList.forEach(ArrayList.java:1511)\r\n\tat org.testng.TestRunner.privateRun(TestRunner.java:829)\r\n\tat org.testng.TestRunner.run(TestRunner.java:602)\r\n\tat org.testng.SuiteRunner.runTest(SuiteRunner.java:437)\r\n\tat org.testng.SuiteRunner.runSequentially(SuiteRunner.java:431)\r\n\tat org.testng.SuiteRunner.privateRun(SuiteRunner.java:391)\r\n\tat org.testng.SuiteRunner.run(SuiteRunner.java:330)\r\n\tat org.testng.SuiteRunnerWorker.runSuite(SuiteRunnerWorker.java:52)\r\n\tat org.testng.SuiteRunnerWorker.run(SuiteRunnerWorker.java:95)\r\n\tat org.testng.TestNG.runSuitesSequentially(TestNG.java:1256)\r\n\tat org.testng.TestNG.runSuitesLocally(TestNG.java:1176)\r\n\tat org.testng.TestNG.runSuites(TestNG.java:1099)\r\n\tat org.testng.TestNG.run(TestNG.java:1067)\r\n\tat com.intellij.rt.testng.IDEARemoteTestNG.run(IDEARemoteTestNG.java:66)\r\n\tat com.intellij.rt.testng.RemoteTestNGStarter.main(RemoteTestNGStarter.java:109)\r\nCaused by: org.openqa.selenium.ElementClickInterceptedException: element click intercepted: Element <div class=\"cart_info\">...</div> is not clickable at point (1234, 93). Other element would receive the click: <div class=\"toast\" style=\"top: 0px; opacity: 1;\">...</div>\n  (Session info: chrome=108.0.5359.124)\nBuild info: version: '4.7.2', revision: '4d4020c3b7'\nSystem info: os.name: 'Windows 10', os.arch: 'amd64', os.version: '10.0', java.version: '19.0.1'\nDriver info: org.openqa.selenium.chrome.ChromeDriver\nCommand: [219908c06e1669984028ba4a14b49a45, clickElement {id=865594e8-56f0-4252-9517-245b650809a8}]\nCapabilities {acceptInsecureCerts: true, browserName: chrome, browserVersion: 108.0.5359.124, chrome: {chromedriverVersion: 108.0.5359.71 (1e0e3868ee06..., userDataDir: C:\\Users\\TECHNO~1\\AppData\\L...}, goog:chromeOptions: {debuggerAddress: localhost:58506}, networkConnectionEnabled: false, pageLoadStrategy: normal, platformName: WINDOWS, proxy: Proxy(), se:cdp: ws://localhost:58506/devtoo..., se:cdpVersion: 108.0.5359.124, setWindowRect: true, strictFileInteractability: false, timeouts: {implicit: 0, pageLoad: 300000, script: 30000}, unhandledPromptBehavior: accept, webauthn:extension:credBlob: true, webauthn:extension:largeBlob: true, webauthn:virtualAuthenticators: true}\nElement: [[ChromeDriver: chrome on WINDOWS (219908c06e1669984028ba4a14b49a45)] -> class name: cart_info]\nSession ID: 219908c06e1669984028ba4a14b49a45\r\n\tat java.base/jdk.internal.reflect.DirectConstructorHandleAccessor.newInstance(DirectConstructorHandleAccessor.java:67)\r\n\tat java.base/java.lang.reflect.Constructor.newInstanceWithCaller(Constructor.java:500)\r\n\tat java.base/java.lang.reflect.Constructor.newInstance(Constructor.java:484)\r\n\tat org.openqa.selenium.remote.codec.w3c.W3CHttpResponseCodec.createException(W3CHttpResponseCodec.java:200)\r\n\tat org.openqa.selenium.remote.codec.w3c.W3CHttpResponseCodec.decode(W3CHttpResponseCodec.java:133)\r\n\tat org.openqa.selenium.remote.codec.w3c.W3CHttpResponseCodec.decode(W3CHttpResponseCodec.java:53)\r\n\tat org.openqa.selenium.remote.HttpCommandExecutor.execute(HttpCommandExecutor.java:184)\r\n\tat org.openqa.selenium.remote.service.DriverCommandExecutor.invokeExecute(DriverCommandExecutor.java:167)\r\n\tat org.openqa.selenium.remote.service.DriverCommandExecutor.execute(DriverCommandExecutor.java:142)\r\n\tat org.openqa.selenium.remote.RemoteWebDriver.execute(RemoteWebDriver.java:535)\r\n\tat org.openqa.selenium.remote.RemoteWebElement.execute(RemoteWebElement.java:257)\r\n\tat org.openqa.selenium.remote.RemoteWebElement.click(RemoteWebElement.java:78)\r\n\tat com.codeborne.selenide.commands.Click.defaultClick(Click.java:97)\r\n\tat com.codeborne.selenide.commands.Click.click(Click.java:54)\r\n\tat com.codeborne.selenide.commands.Click.execute(Click.java:31)\r\n\tat com.codeborne.selenide.commands.Click.execute(Click.java:21)\r\n\tat com.codeborne.selenide.commands.Commands.execute(Commands.java:158)\r\n\tat com.codeborne.selenide.impl.SelenideElementProxy.dispatchAndRetry(SelenideElementProxy.java:130)\r\n\t... 29 more\r\n"},"stage":"finished","steps":[],"attachments":[],"parameters":[],"start":1677786418315,"stop":1677786422615}],"attachments":[],"parameters":[],"start":1677786416925,"stop":1677786422624}